{"name": "user should be able to do payment -- @1.1 ", "status": "broken", "statusDetails": {"message": "selenium.common.exceptions.InvalidArgumentException: Message: invalid argument: invalid locator\n  (Session info: chrome=107.0.5304.88)\nStacktrace:\nBacktrace:\n\tOrdinal0 [0x00F3ACD3+2075859]\n\tOrdinal0 [0x00ECEE61+1633889]\n\tOrdinal0 [0x00DCB7BD+571325]\n\tOrdinal0 [0x00DFA745+763717]\n\tOrdinal0 [0x00DFAE1B+765467]\n\tOrdinal0 [0x00E2D0F2+970994]\n\tOrdinal0 [0x00E17364+881508]\n\tOrdinal0 [0x00E2B56A+963946]\n\tOrdinal0 [0x00E17136+880950]\n\tOrdinal0 [0x00DEFEFD+720637]\n\tOrdinal0 [0x00DF0F3F+724799]\n\tGetHandleVerifier [0x011EEED2+2769538]\n\tGetHandleVerifier [0x011E0D95+2711877]\n\tGetHandleVerifier [0x00FCA03A+521194]\n\tGetHandleVerifier [0x00FC8DA0+516432]\n\tOrdinal0 [0x00ED682C+1665068]\n\tOrdinal0 [0x00EDB128+1683752]\n\tOrdinal0 [0x00EDB215+1683989]\n\tOrdinal0 [0x00EE6484+1729668]\n\tBaseThreadInitThunk [0x7662FA29+25]\n\tRtlGetAppContainerNamedObjectPath [0x778B7BBE+286]\n\tRtlGetAppContainerNamedObjectPath [0x778B7B8E+238]\n\n", "trace": "  File \"C:\\Users\\Shree\\PycharmProjects\\BDD Project\\venv\\lib\\site-packages\\behave\\model.py\", line 1329, in run\n    match.run(runner.context)\n  File \"C:\\Users\\Shree\\PycharmProjects\\BDD Project\\venv\\lib\\site-packages\\behave\\matchers.py\", line 98, in run\n    self.func(context, *args, **kwargs)\n  File \"features\\steps\\BusListSteps.py\", line 383, in verify_and_close\n    context.driver.find_element(\"xapth\",'(//button[@type=\"submit\"])[2]').click()\n  File \"C:\\Users\\Shree\\PycharmProjects\\BDD Project\\venv\\lib\\site-packages\\selenium\\webdriver\\remote\\webdriver.py\", line 856, in find_element\n    return self.execute(Command.FIND_ELEMENT, {\n  File \"C:\\Users\\Shree\\PycharmProjects\\BDD Project\\venv\\lib\\site-packages\\selenium\\webdriver\\remote\\webdriver.py\", line 429, in execute\n    self.error_handler.check_response(response)\n  File \"C:\\Users\\Shree\\PycharmProjects\\BDD Project\\venv\\lib\\site-packages\\selenium\\webdriver\\remote\\errorhandler.py\", line 243, in check_response\n    raise exception_class(message, screen, stacktrace)\n"}, "steps": [{"name": "Given open the browser and enter the URL", "status": "passed", "start": 1667496968730, "stop": 1667497006958}, {"name": "When click on bus button and open bus page", "status": "passed", "start": 1667497006958, "stop": 1667497027197}, {"name": "And click on from and enter source \"Wakad\"", "status": "passed", "start": 1667497027197, "stop": 1667497032774}, {"name": "And click on to destination \"Majestic\" into To Textfield", "status": "passed", "start": 1667497032774, "stop": 1667497038578}, {"name": "And select the required Date", "status": "passed", "start": 1667497038578, "stop": 1667497039660}, {"name": "And click on Search Bus Button then bus list page open", "status": "passed", "start": 1667497039668, "stop": 1667497044985}, {"name": "When click on select seat button", "status": "passed", "start": 1667497044985, "stop": 1667497053367}, {"name": "And click on boarding point time radio button", "status": "passed", "start": 1667497053367, "stop": 1667497058734}, {"name": "And click on dropping point time radio button", "status": "passed", "start": 1667497058734, "stop": 1667497064125}, {"name": "And click on available seat", "status": "passed", "start": 1667497064125, "stop": 1667497065074}, {"name": "And click on continue button", "status": "passed", "start": 1667497065074, "stop": 1667497066289}, {"name": "And click on No radio button for Trip Insurance", "status": "passed", "start": 1667497066289, "stop": 1667497075612}, {"name": "And click on full name and provide Traveller \"Sachin Ramdas Gore\"", "status": "passed", "start": 1667497075612, "stop": 1667497078387}, {"name": "And Enter Traveller Age in \"23\" textfield", "status": "passed", "start": 1667497078387, "stop": 1667497080759}, {"name": "And click on male or female \"male\"", "status": "passed", "start": 1667497080759, "stop": 1667497081062}, {"name": "And Enter Traveller Email \"sachingore654@gmail.com\"", "status": "passed", "start": 1667497081062, "stop": 1667497081714}, {"name": "And Enter Traveller Mobile Number \"9657063172\"", "status": "passed", "start": 1667497081714, "stop": 1667497082351}, {"name": "And click on Pay button", "status": "passed", "start": 1667497082351, "stop": 1667497082888}, {"name": "And click on credit and debit card mode", "status": "passed", "start": 1667497082888, "stop": 1667497095077}, {"name": "And enter the card Number \"4592000191311337\"", "status": "passed", "start": 1667497095077, "stop": 1667497095877}, {"name": "And click on month", "status": "passed", "start": 1667497095885, "stop": 1667497096730}, {"name": "And click on year", "status": "passed", "start": 1667497096730, "stop": 1667497097913}, {"name": "And enter the cvv \"123\"", "status": "passed", "start": 1667497097921, "stop": 1667497098241}, {"name": "And enter name on card \"Sachin Ramdas Gore\"", "status": "passed", "start": 1667497098241, "stop": 1667497098789}, {"name": "And click on save and pay button", "status": "passed", "start": 1667497098789, "stop": 1667497102223}, {"name": "Then verify otp send to given mobile number and enter OTP Page displayed", "status": "broken", "statusDetails": {"message": "selenium.common.exceptions.InvalidArgumentException: Message: invalid argument: invalid locator\n  (Session info: chrome=107.0.5304.88)\nStacktrace:\nBacktrace:\n\tOrdinal0 [0x00F3ACD3+2075859]\n\tOrdinal0 [0x00ECEE61+1633889]\n\tOrdinal0 [0x00DCB7BD+571325]\n\tOrdinal0 [0x00DFA745+763717]\n\tOrdinal0 [0x00DFAE1B+765467]\n\tOrdinal0 [0x00E2D0F2+970994]\n\tOrdinal0 [0x00E17364+881508]\n\tOrdinal0 [0x00E2B56A+963946]\n\tOrdinal0 [0x00E17136+880950]\n\tOrdinal0 [0x00DEFEFD+720637]\n\tOrdinal0 [0x00DF0F3F+724799]\n\tGetHandleVerifier [0x011EEED2+2769538]\n\tGetHandleVerifier [0x011E0D95+2711877]\n\tGetHandleVerifier [0x00FCA03A+521194]\n\tGetHandleVerifier [0x00FC8DA0+516432]\n\tOrdinal0 [0x00ED682C+1665068]\n\tOrdinal0 [0x00EDB128+1683752]\n\tOrdinal0 [0x00EDB215+1683989]\n\tOrdinal0 [0x00EE6484+1729668]\n\tBaseThreadInitThunk [0x7662FA29+25]\n\tRtlGetAppContainerNamedObjectPath [0x778B7BBE+286]\n\tRtlGetAppContainerNamedObjectPath [0x778B7B8E+238]\n\n", "trace": "  File \"C:\\Users\\Shree\\PycharmProjects\\BDD Project\\venv\\lib\\site-packages\\behave\\model.py\", line 1329, in run\n    match.run(runner.context)\n  File \"C:\\Users\\Shree\\PycharmProjects\\BDD Project\\venv\\lib\\site-packages\\behave\\matchers.py\", line 98, in run\n    self.func(context, *args, **kwargs)\n  File \"features\\steps\\BusListSteps.py\", line 383, in verify_and_close\n    context.driver.find_element(\"xapth\",'(//button[@type=\"submit\"])[2]').click()\n  File \"C:\\Users\\Shree\\PycharmProjects\\BDD Project\\venv\\lib\\site-packages\\selenium\\webdriver\\remote\\webdriver.py\", line 856, in find_element\n    return self.execute(Command.FIND_ELEMENT, {\n  File \"C:\\Users\\Shree\\PycharmProjects\\BDD Project\\venv\\lib\\site-packages\\selenium\\webdriver\\remote\\webdriver.py\", line 429, in execute\n    self.error_handler.check_response(response)\n  File \"C:\\Users\\Shree\\PycharmProjects\\BDD Project\\venv\\lib\\site-packages\\selenium\\webdriver\\remote\\errorhandler.py\", line 243, in check_response\n    raise exception_class(message, screen, stacktrace)\n"}, "start": 1667497102223, "stop": 1667497107878}], "parameters": [{"name": "card_number", "value": "4592000191311337"}, {"name": "cvv", "value": "123"}, {"name": "card_name", "value": "Sachin Ramdas Gore"}], "start": 1667496968730, "stop": 1667497107878, "uuid": "17473b6e-f592-4853-bedc-baf0598b5587", "historyId": "f31e88c1ad710f04c30ca3a786fbf1f9", "fullName": "Bus List Page: user should be able to do payment", "labels": [{"name": "severity", "value": "normal"}, {"name": "feature", "value": "Bus List Page"}, {"name": "framework", "value": "behave"}, {"name": "language", "value": "cpython3"}]}