{"name": "User should be provide personal details. -- @1.3 ", "status": "broken", "statusDetails": {"message": "selenium.common.exceptions.NoSuchElementException: Message: no such element: Unable to locate element: {\"method\":\"xpath\",\"selector\":\"//button[text() =\"CONTINUE\"]\"}\n  (Session info: chrome=107.0.5304.88)\nStacktrace:\nBacktrace:\n\tOrdinal0 [0x00C6ACD3+2075859]\n\tOrdinal0 [0x00BFEE61+1633889]\n\tOrdinal0 [0x00AFB7BD+571325]\n\tOrdinal0 [0x00B2AC2F+764975]\n\tOrdinal0 [0x00B2AE1B+765467]\n\tOrdinal0 [0x00B5D0F2+970994]\n\tOrdinal0 [0x00B47364+881508]\n\tOrdinal0 [0x00B5B56A+963946]\n\tOrdinal0 [0x00B47136+880950]\n\tOrdinal0 [0x00B1FEFD+720637]\n\tOrdinal0 [0x00B20F3F+724799]\n\tGetHandleVerifier [0x00F1EED2+2769538]\n\tGetHandleVerifier [0x00F10D95+2711877]\n\tGetHandleVerifier [0x00CFA03A+521194]\n\tGetHandleVerifier [0x00CF8DA0+516432]\n\tOrdinal0 [0x00C0682C+1665068]\n\tOrdinal0 [0x00C0B128+1683752]\n\tOrdinal0 [0x00C0B215+1683989]\n\tOrdinal0 [0x00C16484+1729668]\n\tBaseThreadInitThunk [0x7688FA29+25]\n\tRtlGetAppContainerNamedObjectPath [0x77927BBE+286]\n\tRtlGetAppContainerNamedObjectPath [0x77927B8E+238]\n\n", "trace": "  File \"C:\\Users\\Shree\\PycharmProjects\\BDD Project\\venv\\lib\\site-packages\\behave\\model.py\", line 1329, in run\n    match.run(runner.context)\n  File \"C:\\Users\\Shree\\PycharmProjects\\BDD Project\\venv\\lib\\site-packages\\behave\\matchers.py\", line 98, in run\n    self.func(context, *args, **kwargs)\n  File \"steps\\BusListSteps.py\", line 224, in click_on_continue_btn\n    context.driver.find_element(\"xpath\", '//button[text() =\"CONTINUE\"]').click()\n  File \"C:\\Users\\Shree\\PycharmProjects\\BDD Project\\venv\\lib\\site-packages\\selenium\\webdriver\\remote\\webdriver.py\", line 856, in find_element\n    return self.execute(Command.FIND_ELEMENT, {\n  File \"C:\\Users\\Shree\\PycharmProjects\\BDD Project\\venv\\lib\\site-packages\\selenium\\webdriver\\remote\\webdriver.py\", line 429, in execute\n    self.error_handler.check_response(response)\n  File \"C:\\Users\\Shree\\PycharmProjects\\BDD Project\\venv\\lib\\site-packages\\selenium\\webdriver\\remote\\errorhandler.py\", line 243, in check_response\n    raise exception_class(message, screen, stacktrace)\n"}, "steps": [{"name": "Given open the browser and enter the URL", "status": "passed", "start": 1667573443922, "stop": 1667573480204}, {"name": "When click on bus button and open bus page", "status": "passed", "start": 1667573480205, "stop": 1667573503136}, {"name": "And click on from and enter source \"Wakad\"", "status": "passed", "start": 1667573503136, "stop": 1667573508432}, {"name": "And click on to destination \"Majestic\" into To Textfield", "status": "passed", "start": 1667573508433, "stop": 1667573513677}, {"name": "And select the required Date", "status": "passed", "start": 1667573513677, "stop": 1667573513925}, {"name": "And click on Search Bus Button then bus list page open", "status": "passed", "start": 1667573513925, "stop": 1667573514439}, {"name": "When click on select seat button", "status": "passed", "start": 1667573514439, "stop": 1667573519925}, {"name": "And click on boarding point time radio button", "status": "passed", "start": 1667573519926, "stop": 1667573525084}, {"name": "And click on dropping point time radio button", "status": "passed", "start": 1667573525084, "stop": 1667573530271}, {"name": "And click on available seat", "status": "passed", "start": 1667573530272, "stop": 1667573530447}, {"name": "And click on continue button", "status": "broken", "statusDetails": {"message": "selenium.common.exceptions.NoSuchElementException: Message: no such element: Unable to locate element: {\"method\":\"xpath\",\"selector\":\"//button[text() =\"CONTINUE\"]\"}\n  (Session info: chrome=107.0.5304.88)\nStacktrace:\nBacktrace:\n\tOrdinal0 [0x00C6ACD3+2075859]\n\tOrdinal0 [0x00BFEE61+1633889]\n\tOrdinal0 [0x00AFB7BD+571325]\n\tOrdinal0 [0x00B2AC2F+764975]\n\tOrdinal0 [0x00B2AE1B+765467]\n\tOrdinal0 [0x00B5D0F2+970994]\n\tOrdinal0 [0x00B47364+881508]\n\tOrdinal0 [0x00B5B56A+963946]\n\tOrdinal0 [0x00B47136+880950]\n\tOrdinal0 [0x00B1FEFD+720637]\n\tOrdinal0 [0x00B20F3F+724799]\n\tGetHandleVerifier [0x00F1EED2+2769538]\n\tGetHandleVerifier [0x00F10D95+2711877]\n\tGetHandleVerifier [0x00CFA03A+521194]\n\tGetHandleVerifier [0x00CF8DA0+516432]\n\tOrdinal0 [0x00C0682C+1665068]\n\tOrdinal0 [0x00C0B128+1683752]\n\tOrdinal0 [0x00C0B215+1683989]\n\tOrdinal0 [0x00C16484+1729668]\n\tBaseThreadInitThunk [0x7688FA29+25]\n\tRtlGetAppContainerNamedObjectPath [0x77927BBE+286]\n\tRtlGetAppContainerNamedObjectPath [0x77927B8E+238]\n\n", "trace": "  File \"C:\\Users\\Shree\\PycharmProjects\\BDD Project\\venv\\lib\\site-packages\\behave\\model.py\", line 1329, in run\n    match.run(runner.context)\n  File \"C:\\Users\\Shree\\PycharmProjects\\BDD Project\\venv\\lib\\site-packages\\behave\\matchers.py\", line 98, in run\n    self.func(context, *args, **kwargs)\n  File \"steps\\BusListSteps.py\", line 224, in click_on_continue_btn\n    context.driver.find_element(\"xpath\", '//button[text() =\"CONTINUE\"]').click()\n  File \"C:\\Users\\Shree\\PycharmProjects\\BDD Project\\venv\\lib\\site-packages\\selenium\\webdriver\\remote\\webdriver.py\", line 856, in find_element\n    return self.execute(Command.FIND_ELEMENT, {\n  File \"C:\\Users\\Shree\\PycharmProjects\\BDD Project\\venv\\lib\\site-packages\\selenium\\webdriver\\remote\\webdriver.py\", line 429, in execute\n    self.error_handler.check_response(response)\n  File \"C:\\Users\\Shree\\PycharmProjects\\BDD Project\\venv\\lib\\site-packages\\selenium\\webdriver\\remote\\errorhandler.py\", line 243, in check_response\n    raise exception_class(message, screen, stacktrace)\n"}, "start": 1667573530448, "stop": 1667573530480}, {"name": "And click on yes radio button for Trip Insurance", "status": "skipped", "start": 1667573530484, "stop": 1667573530484}, {"name": "And click on No radio button for Trip Insurance", "status": "skipped", "start": 1667573530484, "stop": 1667573530484}, {"name": "And click on full name and provide Traveller \"pankaj patil\"", "status": "skipped", "start": 1667573530484, "stop": 1667573530484}, {"name": "And Enter Traveller Age in \"25\" textfield", "status": "skipped", "start": 1667573530484, "stop": 1667573530484}, {"name": "And click on male or female \"Male\"", "status": "skipped", "start": 1667573530484, "stop": 1667573530484}, {"name": "And Enter Traveller Email \"pankajpatil256.com\"", "status": "skipped", "start": 1667573530484, "stop": 1667573530484}, {"name": "And Enter Traveller Mobile Number \"9021449098\"", "status": "skipped", "start": 1667573530484, "stop": 1667573530484}, {"name": "And click on Pay button", "status": "skipped", "start": 1667573530484, "stop": 1667573530484}, {"name": "Then Verify and is navigate to new all payment mode page", "status": "skipped", "start": 1667573530484, "stop": 1667573530484}], "parameters": [{"name": "full_name", "value": "pankaj patil"}, {"name": "age", "value": "25"}, {"name": "gender", "value": "Male"}, {"name": "email_id", "value": "pankajpatil256.com"}, {"name": "mobile_number", "value": "9021449098"}], "start": 1667573443919, "stop": 1667573530484, "uuid": "569ad4cb-fdd2-401e-b4eb-51a21f85cc53", "historyId": "f677df2285782d872943dc5407457c74", "fullName": "Bus List Page: User should be provide personal details.", "labels": [{"name": "severity", "value": "normal"}, {"name": "feature", "value": "Bus List Page"}, {"name": "framework", "value": "behave"}, {"name": "language", "value": "cpython3"}]}